"../../../Engine/Content/Functions/Engine_MaterialFunctions01/Opacity/CameraDepthFade.uasset" 0
"../../../Engine/Content/EngineMaterials/T_Default_Material_Grid_M.uasset" 1
"../../../Engine/Content/EngineMaterials/T_Default_Material_Grid_N.uasset" 2
"../../../Engine/Content/EngineMaterials/WorldGridMaterial.uasset" 3
"../../../Engine/Content/ArtTools/RenderToTexture/Meshes/S_1_Unit_Plane.uasset" 4
"../../../Engine/Content/EngineMaterials/DefaultPhysicalMaterial.uasset" 5
"../../../Engine/Content/BufferVisualization/AmbientOcclusion.uasset" 6
"../../../Engine/Content/BufferVisualization/BaseColor.uasset" 7
"../../../Engine/Content/BufferVisualization/CustomDepth.uasset" 8
"../../../Engine/Content/Functions/Engine_MaterialFunctions02/Utility/VectorLength.uasset" 9
"../../../Engine/Content/BufferVisualization/CustomDepthWorldUnits.uasset" 10
"../../../Engine/Content/Functions/Engine_MaterialFunctions02/Utility/BreakOutFloat2Components.uasset" 11
"../../../Engine/Content/Functions/Engine_MaterialFunctions01/Texturing/ScaleUVsByCenter.uasset" 12
"../../../Engine/Content/Functions/Engine_MaterialFunctions02/ScreenResolution.uasset" 13
"../../../Engine/Content/Functions/Engine_MaterialFunctions02/Texturing/ScreenAlignedUVs.uasset" 14
"../../../Engine/Content/Functions/Engine_MaterialFunctions02/Utility/MakeFloat2.uasset" 15
"../../../Engine/Content/Functions/Engine_MaterialFunctions02/Utility/MakeFloat3.uasset" 16
"../../../Engine/Content/EngineMaterials/MiniFont.uasset" 17
"../../../Engine/Content/BufferVisualization/CustomStencil.uasset" 18
"../../../Engine/Content/BufferVisualization/FinalImage.uasset" 19
"../../../Engine/Content/BufferVisualization/LightingModel.uasset" 20
"../../../Engine/Content/BufferVisualization/MaterialAO.uasset" 21
"../../../Engine/Content/BufferVisualization/Metallic.uasset" 22
"../../../Engine/Content/BufferVisualization/Opacity.uasset" 23
"../../../Engine/Content/BufferVisualization/PostTonemapHDRColor.uasset" 24
"../../../Engine/Content/BufferVisualization/PreTonemapHDRColor.uasset" 25
"../../../Engine/Content/BufferVisualization/Roughness.uasset" 26
"../../../Engine/Content/BufferVisualization/SceneColor.uasset" 27
"../../../Engine/Content/BufferVisualization/SceneDepth.uasset" 28
"../../../Engine/Content/BufferVisualization/SceneDepthWorldUnits.uasset" 29
"../../../Engine/Content/BufferVisualization/SeparateTranslucencyA.uasset" 30
"../../../Engine/Content/BufferVisualization/SeparateTranslucencyRGB.uasset" 31
"../../../Engine/Content/BufferVisualization/Specular.uasset" 32
"../../../Engine/Content/BufferVisualization/SubsurfaceColor.uasset" 33
"../../../Engine/Content/BufferVisualization/WorldNormal.uasset" 34
"../../../Engine/Content/EditorBlueprintResources/ActorMacros.uasset" 35
"../../../Engine/Content/EditorLandscapeResources/DataLayer.uasset" 36
"../../../Engine/Content/EditorLandscapeResources/DefaultAlphaTexture.uasset" 37
"../../../Engine/Content/EditorLandscapeResources/LandscapeGizmoHeight_Mat.uasset" 38
"../../../Engine/Content/EditorLandscapeResources/LandscapeGizmo_Mat.uasset" 39
"../../../Engine/Content/EditorLandscapeResources/LandscapeGizmo_Mat_Copied.uasset" 40
"../../../Engine/Content/EditorLandscapeResources/SplineEditorMeshMat.uasset" 41
"../../../Engine/Content/EditorLandscapeResources/SplineEditorMesh.uasset" 42
"../../../Engine/Content/EditorMaterials/Cross.uasset" 43
"../../../Engine/Content/EditorMaterials/Cross_Mat.uasset" 44
"../../../Engine/Content/EditorMaterials/GizmoMaterial.uasset" 45
"../../../Engine/Content/Functions/Engine_MaterialFunctions02/Utility/Sign.uasset" 46
"../../../Engine/Content/Functions/Engine_MaterialFunctions02/Utility/Round.uasset" 47
"../../../Engine/Content/Functions/Engine_MaterialFunctions02/ExampleContent/Textures/flipbook.uasset" 48
"../../../Engine/Content/Functions/Engine_MaterialFunctions02/Texturing/FlipBook.uasset" 49
"../../../Engine/Content/EditorResources/T_EditorHelp.uasset" 50
"../../../Engine/Content/EditorMaterials/HelpActorMaterial.uasset" 51
"../../../Engine/Content/EditorMaterials/CompositeARGBLayer.uasset" 52
"../../../Engine/Content/EditorMaterials/TilingAALineIntegral.uasset" 53
"../../../Engine/Content/EditorMaterials/TilingAALineBoxFiltered.uasset" 54
"../../../Engine/Content/Functions/Engine_MaterialFunctions03/Procedurals/ComputeFilterWidth.uasset" 55
"../../../Engine/Content/EditorMaterials/TilingAADots.uasset" 56
"../../../Engine/Content/EditorMaterials/Cascade/CASC_Cross.uasset" 57
"../../../Engine/Content/EditorMaterials/Cascade/CASC_None.uasset" 58
"../../../Engine/Content/Functions/Engine_MaterialFunctions03/Blends/Blend_Screen.uasset" 59
"../../../Engine/Content/EditorMaterials/TilingAAGrid.uasset" 60
"../../../Engine/Content/EditorMaterials/LevelGridMaterial.uasset" 61
"../../../Engine/Content/EditorMaterials/MakeCompositeARGBLayer.uasset" 62
"../../../Engine/Content/EditorResources/LevelGrid1DStripes.uasset" 63
"../../../Engine/Content/EditorMaterials/TextureGridCascaded1D.uasset" 64
"../../../Engine/Content/EditorMaterials/TextureGridCascaded2D.uasset" 65
"../../../Engine/Content/EditorMaterials/LevelGridMaterial2.uasset" 66
"../../../Engine/Content/EditorMaterials/MAT_Groups_Toggle.uasset" 67
"../../../Engine/Content/EditorMaterials/MAT_Groups_Visibility.uasset" 68
"../../../Engine/Content/EditorMaterials/AntialiasedGridFloor.uasset" 69
"../../../Engine/Content/EditorResources/TilePatine_D.uasset" 70
"../../../Engine/Content/EditorResources/TilePatine_N.uasset" 71
"../../../Engine/Content/EngineMaterials/Grid.uasset" 72
"../../../Engine/Content/EditorMaterials/PersonaFloorMat.uasset" 73
"../../../Engine/Content/EditorMaterials/PhAT_BoneSelectedMaterial.uasset" 74
"../../../Engine/Content/EditorMaterials/PhAT_ElemSelectedMaterial.uasset" 75
"../../../Engine/Content/EditorMaterials/PhAT_NoCollisionMaterial.uasset" 76
"../../../Engine/Content/EditorMaterials/PhAT_UnselectedMaterial.uasset" 77
"../../../Engine/Content/EditorMaterials/PreviewShadowIndicator.uasset" 78
"../../../Engine/Content/EditorMaterials/PreviewShadowIndicatorMaterial.uasset" 79
"../../../Engine/Content/EditorMaterials/TargetIcon.uasset" 80
"../../../Engine/Content/EditorMaterials/Tick.uasset" 81
"../../../Engine/Content/EditorMaterials/Tick_Mat.uasset" 82
"../../../Engine/Content/EditorMaterials/WidgetGridVertexColorMaterial.uasset" 83
"../../../Engine/Content/EditorMaterials/WidgetGridVertexColorMaterial_Ma.uasset" 84
"../../../Engine/Content/EditorMaterials/WidgetMaterial.uasset" 85
"../../../Engine/Content/EditorMaterials/WidgetMaterial_Current.uasset" 86
"../../../Engine/Content/EditorMaterials/WidgetMaterial_X.uasset" 87
"../../../Engine/Content/EditorMaterials/WidgetMaterial_Y.uasset" 88
"../../../Engine/Content/EditorMaterials/WidgetMaterial_Z.uasset" 89
"../../../Engine/Content/EditorMaterials/WidgetVertexColorMaterial.uasset" 90
"../../../Engine/Content/EditorMaterials/AssetViewer/EpicQuadPanorama_CC+EV1.uasset" 91
"../../../Engine/Content/EditorMaterials/MatineeGroups/MAT_ColorTrack.uasset" 92
"../../../Engine/Content/EditorMaterials/MatineeGroups/MAT_Groups_Anim.uasset" 93
"../../../Engine/Content/EditorMaterials/MatineeGroups/MAT_Groups_AudioMaster.uasset" 94
"../../../Engine/Content/EditorMaterials/MatineeGroups/MAT_Groups_Director.uasset" 95
"../../../Engine/Content/EditorMaterials/MatineeGroups/MAT_Groups_Event.uasset" 96
"../../../Engine/Content/EditorMaterials/MatineeGroups/MAT_Groups_Fade.uasset" 97
"../../../Engine/Content/EditorMaterials/MatineeGroups/MAT_Groups_Float.uasset" 98
"../../../Engine/Content/EditorMaterials/MatineeGroups/MAT_Groups_Move.uasset" 99
"../../../Engine/Content/EditorMaterials/MatineeGroups/MAT_Groups_Slomo.uasset" 100
"../../../Engine/Content/EditorMaterials/MatineeGroups/MAT_Groups_Sound.uasset" 101
"../../../Engine/Content/EditorMaterials/MatineeGroups/MAT_Groups_Vector.uasset" 102
"../../../Engine/Content/EditorMaterials/ParticleSystems/PSysThumbnail_NoImage.uasset" 103
"../../../Engine/Content/EditorMaterials/ParticleSystems/PSysThumbnail_OOD.uasset" 104
"../../../Engine/Content/EditorMaterials/Thumbnails/FloorPlaneMaterial.uasset" 105
"../../../Engine/Content/EditorMeshes/EditorCylinder.uasset" 106
"../../../Engine/Content/EditorMeshes/EditorPlane.uasset" 107
"../../../Engine/Content/EditorMaterials/Thumbnails/SkySphereMaterial.uasset" 108
"../../../Engine/Content/EditorMeshes/EditorSkySphere.uasset" 109
"../../../Engine/Content/EditorMeshes/EditorSphere.uasset" 110
"../../../Engine/Content/EditorResources/MatineeCam_D.uasset" 111
"../../../Engine/Content/EditorMaterials/MatineeCam_mat.uasset" 112
"../../../Engine/Content/EditorMeshes/MatineeCam_SM.uasset" 113
"../../../Engine/Content/Functions/Engine_MaterialFunctions01/Shading/ConvertFromDiffSpec.uasset" 114
"../../../Engine/Content/EditorMaterials/GridMaterial.uasset" 115
"../../../Engine/Content/EditorMeshes/PhAT_FloorBox.uasset" 116
"../../../Engine/Content/EditorMaterials/Camera/CineMat.uasset" 117
"../../../Engine/Content/EditorMaterials/Camera/MI_CineMat_CameraBody.uasset" 118
"../../../Engine/Content/EngineDebugMaterials/M_SimpleOpaque.uasset" 119
"../../../Engine/Content/EditorMaterials/Camera/MI_CineMat_CamViewFinder.uasset" 120
"../../../Engine/Content/EditorMeshes/Camera/SM_CineCam.uasset" 121
"../../../Engine/Content/EditorMaterials/Camera/MI_CineMat_Rig.uasset" 122
"../../../Engine/Content/EditorMeshes/Camera/SM_CraneRig_Arm.uasset" 123
"../../../Engine/Content/EditorMeshes/Camera/SM_CraneRig_Base.uasset" 124
"../../../Engine/Content/EditorMeshes/Camera/SM_CraneRig_Body.uasset" 125
"../../../Engine/Content/EditorMeshes/Camera/SM_CraneRig_Mount.uasset" 126
"../../../Engine/Content/EditorMeshes/Camera/SM_RailRig_Mount.uasset" 127
"../../../Engine/Content/EditorMeshes/Camera/SM_RailRig_Track.uasset" 128
"../../../Engine/Content/EditorMeshes/ColorCalibrator/M_ChromeBall.uasset" 129
"../../../Engine/Content/EditorMeshes/ColorCalibrator/M_ClearCoat.uasset" 130
"../../../Engine/Content/EditorMeshes/ColorCalibrator/M_ClearCoatBlack.uasset" 131
"../../../Engine/Content/EditorMeshes/ColorCalibrator/T_ColorGrid.uasset" 132
"../../../Engine/Content/EditorMeshes/ColorCalibrator/M_ColorGrid.uasset" 133
"../../../Engine/Content/EditorMeshes/ColorCalibrator/M_GreyBall.uasset" 134
"../../../Engine/Content/EditorMeshes/ColorCalibrator/SM_ColorCalibrator.uasset" 135
"../../../Engine/Content/EditorResources/Bad.uasset" 136
"../../../Engine/Content/EditorResources/BSPVertex.uasset" 137
"../../../Engine/Content/EditorResources/EmptyActor.uasset" 138
"../../../Engine/Content/EditorResources/MatInstActSprite.uasset" 139
"../../../Engine/Content/EditorResources/RGBTable16x1_AssetViewer.uasset" 140
"../../../Engine/Content/EditorResources/SceneManager.uasset" 141
"../../../Engine/Content/EditorResources/SmallFont.uasset" 142
"../../../Engine/Content/EditorResources/S_Actor.uasset" 143
"../../../Engine/Content/EditorResources/S_DecalActorIcon.uasset" 144
"../../../Engine/Content/EditorResources/S_Emitter.uasset" 145
"../../../Engine/Content/EditorResources/S_ExpoHeightFog.uasset" 146
"../../../Engine/Content/EditorResources/S_FTest.uasset" 147
"../../../Engine/Content/EditorResources/S_KBSJoint.uasset" 148
"../../../Engine/Content/EditorResources/S_KHinge.uasset" 149
"../../../Engine/Content/EditorResources/S_KPrismatic.uasset" 150
"../../../Engine/Content/EditorResources/S_LevelSequence.uasset" 151
"../../../Engine/Content/EditorResources/S_NavP.uasset" 152
"../../../Engine/Content/EditorResources/S_Note.uasset" 153
"../../../Engine/Content/EditorResources/S_Player.uasset" 154
"../../../Engine/Content/EditorResources/S_PortalActorIcon2.uasset" 155
"../../../Engine/Content/EditorResources/S_RadForce.uasset" 156
"../../../Engine/Content/EditorResources/S_ReflActorIcon.uasset" 157
"../../../Engine/Content/EditorResources/S_Terrain.uasset" 158
"../../../Engine/Content/EditorResources/S_TextRenderActorIcon.uasset" 159
"../../../Engine/Content/EditorResources/S_Thruster.uasset" 160
"../../../Engine/Content/EditorResources/S_Trigger.uasset" 161
"../../../Engine/Content/EditorResources/S_VectorFieldVol.uasset" 162
"../../../Engine/Content/EditorResources/S_WindDirectional.uasset" 163
"../../../Engine/Content/EditorResources/AI/S_NavLink.uasset" 164
"../../../Engine/Content/EditorResources/LightIcons/SkyLight.uasset" 165
"../../../Engine/Content/EditorResources/LightIcons/S_LightDirectional.uasset" 166
"../../../Engine/Content/EditorResources/LightIcons/S_LightDirectionalMove.uasset" 167
"../../../Engine/Content/EditorResources/LightIcons/S_LightError.uasset" 168
"../../../Engine/Content/EditorResources/LightIcons/S_LightPoint.uasset" 169
"../../../Engine/Content/EditorResources/LightIcons/S_LightPointMove.uasset" 170
"../../../Engine/Content/EditorResources/LightIcons/S_LightSpot.uasset" 171
"../../../Engine/Content/EditorResources/LightIcons/S_LightSpotMove.uasset" 172
"../../../Engine/Content/EditorResources/SequenceRecorder/Countdown.uasset" 173
"../../../Engine/Content/EditorResources/SequenceRecorder/RecordingIndicator.uasset" 174
"../../../Engine/Content/EditorResources/Spline/T_Loft_Spline.uasset" 175
"../../../Engine/Content/EditorSounds/Notifications/CompileFailed.uasset" 176
"../../../Engine/Content/EditorSounds/Notifications/CompileFailed_Cue.uasset" 177
"../../../Engine/Content/EditorSounds/Notifications/CompileSuccess.uasset" 178
"../../../Engine/Content/EditorSounds/Notifications/CompileStart_Cue.uasset" 179
"../../../Engine/Content/EditorSounds/Notifications/CompileSuccess_Cue.uasset" 180
"../../../Engine/Content/EngineDamageTypes/DmgTypeBP_Environmental.uasset" 181
"../../../Engine/Content/EngineDebugMaterials/HeatmapGradient.uasset" 182
"../../../Engine/Content/EngineDebugMaterials/BoneWeightMaterial.uasset" 183
"../../../Engine/Content/EngineDebugMaterials/DebugMeshMaterial.uasset" 184
"../../../Engine/Content/EngineDebugMaterials/GeomMaterial.uasset" 185
"../../../Engine/Content/EngineDebugMaterials/LevelColorationLitMaterial.uasset" 186
"../../../Engine/Content/EngineDebugMaterials/LevelColorationUnlitMaterial.uasset" 187
"../../../Engine/Content/EngineMaterials/DefaultWhiteGrid.uasset" 188
"../../../Engine/Content/EngineDebugMaterials/MAT_LevelColorationLitLightmapUV.uasset" 189
"../../../Engine/Content/EngineDebugMaterials/M_SimpleTranslucent.uasset" 190
"../../../Engine/Content/EngineDebugMaterials/ShadedLevelColorationLitMaterial.uasset" 191
"../../../Engine/Content/EngineDebugMaterials/ShadedLevelColorationUnlitMateri.uasset" 192
"../../../Engine/Content/EngineDebugMaterials/VertexColorMaterial.uasset" 193
"../../../Engine/Content/EngineDebugMaterials/VertexColorViewMode_AlphaAsColor.uasset" 194
"../../../Engine/Content/EngineDebugMaterials/VertexColorViewMode_BlueOnly.uasset" 195
"../../../Engine/Content/EngineDebugMaterials/VertexColorViewMode_ColorOnly.uasset" 196
"../../../Engine/Content/EngineDebugMaterials/VertexColorViewMode_GreenOnly.uasset" 197
"../../../Engine/Content/EngineDebugMaterials/VertexColorViewMode_RedOnly.uasset" 198
"../../../Engine/Content/EngineDebugMaterials/WireframeMaterial.uasset" 199
"../../../Engine/Content/EngineFonts/Faces/RobotoBold.uasset" 200
"../../../Engine/Content/EngineFonts/Faces/RobotoBoldItalic.uasset" 201
"../../../Engine/Content/EngineFonts/Faces/RobotoItalic.uasset" 202
"../../../Engine/Content/EngineFonts/Faces/RobotoLight.uasset" 203
"../../../Engine/Content/EngineFonts/Faces/RobotoRegular.uasset" 204
"../../../Engine/Content/EngineFonts/Roboto.uasset" 205
"../../../Engine/Content/EngineFonts/Faces/RobotoTiny.uasset" 206
"../../../Engine/Content/EngineFonts/RobotoTiny.uasset" 207
"../../../Engine/Content/EngineFonts/SmallFont.uasset" 208
"../../../Engine/Content/EngineFonts/TinyFont.uasset" 209
"../../../Engine/Content/EngineResources/WhiteSquareTexture.uasset" 210
"../../../Engine/Content/EngineMaterials/BlinkingCaret.uasset" 211
"../../../Engine/Content/EngineMaterials/DefaultBokeh.uasset" 212
"../../../Engine/Content/EngineMaterials/DefaultDiffuse.uasset" 213
"../../../Engine/Content/EngineMaterials/DefaultDeferredDecalMaterial.uasset" 214
"../../../Engine/Content/EngineMaterials/DefaultLightFunctionMaterial.uasset" 215
"../../../Engine/Content/EngineMaterials/DefaultNormal.uasset" 216
"../../../Engine/Content/EngineMaterials/DefaultPostProcessMaterial.uasset" 217
"../../../Engine/Content/EngineFonts/RobotoDistanceField.uasset" 218
"../../../Engine/Content/EngineMaterials/DefaultTextMaterialOpaque.uasset" 219
"../../../Engine/Content/EngineMaterials/EditorBrushMaterial.uasset" 220
"../../../Engine/Content/EngineMaterials/Good64x64TilingNoiseHighFreq.uasset" 221
"../../../Engine/Content/EngineMaterials/Grid_N.uasset" 222
"../../../Engine/Content/EngineMaterials/HighResolutionScreenshotMaskFunction.uasset" 223
"../../../Engine/Content/EngineMaterials/HighResScreenshot.uasset" 224
"../../../Engine/Content/EngineMaterials/HighResScreenshotCaptureRegion.uasset" 225
"../../../Engine/Content/EngineMaterials/HighResScreenshotMask.uasset" 226
"../../../Engine/Content/EngineMaterials/LandscapeHolePhysicalMaterial.uasset" 227
"../../../Engine/Content/EngineMaterials/InvalidLightmapSettings.uasset" 228
"../../../Engine/Content/EngineMaterials/M_InvalidLightmapSettings.uasset" 229
"../../../Engine/Content/EngineMaterials/PaperDiffuse.uasset" 230
"../../../Engine/Content/EngineMaterials/PaperNormal.uasset" 231
"../../../Engine/Content/EngineMaterials/PhAT_JointLimitMaterial.uasset" 232
"../../../Engine/Content/EngineMaterials/PhysMat_Rubber.uasset" 233
"../../../Engine/Content/EngineMaterials/PreintegratedSkinBRDF.uasset" 234
"../../../Engine/Content/EngineMaterials/RemoveSurfaceMaterial.uasset" 235
"../../../Engine/Content/EngineMaterials/WeightMapPlaceholderTexture.uasset" 236
"../../../Engine/Content/EngineMaterials/Widget3DPassThrough.uasset" 237
"../../../Engine/Content/EngineMaterials/Widget3DPassThrough_Masked.uasset" 238
"../../../Engine/Content/EngineMaterials/Widget3DPassThrough_Opaque.uasset" 239
"../../../Engine/Content/EngineMaterials/Widget3DPassThrough_Masked_OneSided.uasset" 240
"../../../Engine/Content/EngineMaterials/Widget3DPassThrough_Opaque_OneSided.uasset" 241
"../../../Engine/Content/EngineMaterials/Widget3DPassThrough_Translucent.uasset" 242
"../../../Engine/Content/EngineMaterials/Widget3DPassThrough_Translucent_OneSided.uasset" 243
"../../../Engine/Content/EngineMaterials/DefaultMaterial.uasset" 244
"../../../Engine/Content/EngineMeshes/Cube.uasset" 245
"../../../Engine/Content/EngineMeshes/Cylinder.uasset" 246
"../../../Engine/Content/EngineMeshes/Sphere.uasset" 247
"../../../Engine/Content/EngineResources/Black.uasset" 248
"../../../Engine/Content/EngineResources/DefaultTexture.uasset" 249
"../../../Engine/Content/EngineResources/DefaultTextureCube.uasset" 250
"../../../Engine/Content/EngineResources/GradientTexture0.uasset" 251
"../../../Engine/Content/EngineResources/StreamingPauseIcon.uasset" 252
"../../../Engine/Content/EngineResources/M_StreamingPause.uasset" 253
"../../../Engine/Content/EngineSounds/Master.uasset" 254
"../../../Engine/Content/Functions/Engine_MaterialFunctions01/Shading/PowerToRoughness.uasset" 255
"../../../Engine/Content/Maps/Templates/Thumbnails/Default.uasset" 256
"../../../Engine/Content/Maps/Templates/Thumbnails/VR-Basic.uasset" 257
"../../../Engine/Content/MapTemplates/Sky/DaylightAmbientCubemap.uasset" 258
"../../../Engine/Content/MobileResources/T_MobileControls_texture.uasset" 259
"../../../Engine/Content/MobileResources/T_MobileMenu2.uasset" 260
"../../../Engine/Content/MobileResources/HUD/AnalogHat.uasset" 261
"../../../Engine/Content/MobileResources/HUD/VirtualJoystick_Background.uasset" 262
"../../../Engine/Content/MobileResources/HUD/VirtualJoystick_Thumb.uasset" 263
"../../../Engine/Content/MobileResources/HUD/DefaultVirtualJoysticks.uasset" 264
"../../../Engine/Content/MobileResources/HUD/LeftVirtualJoystickOnly.uasset" 265
"../../../Engine/Content/MobileResources/HUD/MobileHUDButton1_off.uasset" 266
"../../../Engine/Content/MobileResources/HUD/MobileHUDButton1_on.uasset" 267
"../../../Engine/Content/MobileResources/HUD/MobileHUDButton2_off.uasset" 268
"../../../Engine/Content/MobileResources/HUD/MobileHUDButton2_on.uasset" 269
"../../../Engine/Content/MobileResources/HUD/MobileHUDButton3.uasset" 270
"../../../Engine/Content/MobileResources/HUD/MobileHUDButtonFire.uasset" 271
"../../../Engine/Content/MobileResources/HUD/MobileHUDDirectionPad.uasset" 272
"../../../Engine/Content/MobileResources/HUD/MobileHUDDirectionPad2.uasset" 273
"../../../Engine/Content/MobileResources/HUD/MobileHUDDirectionPad3.uasset" 274
"../../../Engine/Content/MobileResources/HUD/MobileHUDDirectionStick.uasset" 275
"../../../Engine/Content/MobileResources/HUD/T_Castle_ThumbstickInner.uasset" 276
"../../../Engine/Content/MobileResources/HUD/T_Castle_ThumbstickOutter.uasset" 277
"../../../Engine/Content/Tutorial/ContentIntroCurve.uasset" 278
"../../../Engine/Content/Tutorial/Basics/TutorialAssets/icon_tab_Levels_40x.uasset" 279
"../../../Engine/Content/Tutorial/BlueprintTutorials/TutorialAssets/BlueprintInterface_64x.uasset" 280
"../../../Engine/Content/Tutorial/BlueprintTutorials/TutorialAssets/BlueprintMacroLibrary_64x.uasset" 281
"../../../Engine/Content/Tutorial/BlueprintTutorials/TutorialAssets/Blueprint_64x.uasset" 282
"../../../Engine/Content/Tutorial/BlueprintTutorials/TutorialAssets/Tutorial_BP_Interface.uasset" 283
"../../../Engine/Content/Tutorial/Foliage/TutorialAssets/Foliage.uasset" 284
"../../../Engine/Content/Tutorial/Landscape/TutorialAssets/Landscape.uasset" 285
"../../../Engine/Content/Tutorial/Paper2D/TutorialAssets/Paper2DFlipbook_TutorialIcon.uasset" 286
"../../../Engine/Content/Tutorial/Paper2D/TutorialAssets/Paper2DSprite_TutorialIcon.uasset" 287
"../../../Engine/Content/Tutorial/SubEditors/TutorialAssets/icon_Editor_Preferences_General_40x.uasset" 288
"../../../Engine/Content/Tutorial/SubEditors/TutorialAssets/icon_ShowSkeletalMeshes_40x.uasset" 289
"../../../Engine/Content/Tutorial/SubEditors/TutorialAssets/TutorialMaterial.uasset" 290
"../../../Engine/Content/Tutorial/SubEditors/TutorialAssets/T_SmokeSubUV_8X8.uasset" 291
"../../../Engine/Content/Tutorial/SubEditors/TutorialAssets/T_soft_smoke.uasset" 292
"../../../Engine/Content/Tutorial/SubEditors/TutorialAssets/M_smoke_subUV_blackbody.uasset" 293
"../../../Engine/Content/Tutorial/SubEditors/TutorialAssets/TutorialParticleSystem.uasset" 294
"../../../Engine/Content/EditorMeshes/EditorCube.uasset" 295
"../../../Engine/Content/Tutorial/SubEditors/TutorialAssets/Tutorial_DM.uasset" 296
"../../../Engine/Content/VREditor/Devices/Generic/GenericHMDMaterial.uasset" 297
"../../../Engine/Content/VREditor/Devices/Generic/GenericHMD.uasset" 298
"../../../Engine/Content/VREditor/FloatingText/LineMaterial.uasset" 299
"../../../Engine/Content/VREditor/FloatingText/JointSphere.uasset" 300
"../../../Engine/Content/VREditor/FloatingText/LineSegmentCylinder.uasset" 301
"../../../Engine/Content/VREditor/Fonts/VRText_RobotoLarge.uasset" 302
"../../../Engine/Content/VREditor/Fonts/VRTextMaterial.uasset" 303
"../../../Engine/Content/VREditor/Fonts/TranslucentVRTextMaterial.uasset" 304
"../../../Engine/Content/VREditor/LaserPointer/VR_LaserPower_01.uasset" 305
"../../../Engine/Content/VREditor/LaserPointer/LaserPointerMaterial.uasset" 306
"../../../Engine/Content/VREditor/LaserPointer/LaserPointerMaterialInst.uasset" 307
"../../../Engine/Content/VREditor/LaserPointer/TranslucentLaserPointerMaterialInst.uasset" 308
"../../../Engine/Content/VREditor/LaserPointer/LaserPointerMesh.uasset" 309
"../../../Engine/Content/VREditor/Sounds/VR_grab_Cue.uasset" 310
"../../../Engine/Content/VREditor/Sounds/VR_teleport_Cue.uasset" 311
"../../../Engine/Content/VREditor/TransformGizmo/TransformGizmoMaterial.uasset" 312
"../../../Engine/Content/VREditor/TransformGizmo/TranslucentTransformGizmoMaterial.uasset" 313
"../../../Engine/Content/VREditor/TransformGizmo/BoundingBoxCorner.uasset" 314
"../../../Engine/Content/VREditor/TransformGizmo/BoundingBoxEdge.uasset" 315
"../../../Engine/Content/VREditor/TransformGizmo/PlaneTranslationHandle.uasset" 316
"../../../Engine/Content/VREditor/TransformGizmo/RotationHandle.uasset" 317
"../../../Engine/Content/VREditor/TransformGizmo/RotationHandleFull.uasset" 318
"../../../Engine/Content/VREditor/TransformGizmo/StretchingHandle.uasset" 319
"../../../Engine/Content/VREditor/TransformGizmo/TranslateHandleLong.uasset" 320
"../../../Engine/Content/VREditor/TransformGizmo/TranslationHandle.uasset" 321
"../../../Engine/Content/VREditor/TransformGizmo/UniformScaleHandle.uasset" 322
"../../../Engine/Content/VREditor/Tutorial/UMG/Specialized/AnimsForHands.uasset" 323
"../../../Engine/Content/VREditor/UI/CloseButtonMesh.uasset" 324
"../../../Engine/Content/VREditor/UI/SelectionBarMesh.uasset" 325
"../../../Engine/Content/Functions/Engine_MaterialFunctions01/Gradient/RadialGradient.uasset" 326
"../../../Engine/Content/VREditor/WorldMovementGrid/SimpleGrid.uasset" 327
"../../../Engine/Content/VREditor/WorldMovementGrid/GridMaterial.uasset" 328
"../../../Engine/Content/Functions/Engine_MaterialFunctions01/Density/ExponentialDensity.uasset" 329
"../../../Engine/Content/VREditor/WorldMovementGrid/GridPostProcess.uasset" 330
"../../../Engine/Content/EditorLandscapeResources/FlattenHeightMat.uasset" 331
"../../../Engine/Content/VREditor/WorldMovementGrid/PlaneMesh.uasset" 332
"../../../Engine/Content/ArtTools/RenderToTexture/Enums/RenderToTexture_Enum.uasset" 333
"../../../Engine/Content/ArtTools/RenderToTexture/Enums/RenderToTexture_Flipbook_Enum.uasset" 334
"../../../Engine/Content/ArtTools/RenderToTexture/Enums/RenderToTexture_Imposter_Enum.uasset" 335
"../../../Engine/Content/EditorBlueprintResources/StandardMacros.uasset" 336
"../../../Engine/Content/ArtTools/RenderToTexture/Enums/EIntTypes.uasset" 337
"../../../Engine/Content/ArtTools/RenderToTexture/Macros/RenderToTextureFunctionLibrary.uasset" 338
"../../../Engine/Content/ArtTools/RenderToTexture/Enums/EFloatTypes.uasset" 339
"../../../Engine/Content/ArtTools/RenderToTexture/Macros/RenderToTextureMacros.uasset" 340
"../../../O_R_CPP/Content/AnimStarterPack/UE4_Mannequin/Mesh/UE4_Mannequin_Skeleton.uasset" 341
"../../../O_R_CPP/Content/AnimStarterPack/Equip_Rifle_Standing.uasset" 342
"../../../O_R_CPP/Content/Razor_Character/Razor_Anims/Jump_Anims/RZR_Jump_Land.uasset" 343
"../../../O_R_CPP/Content/Razor_Character/Razor_Anims/Jump_Anims/RZR_Jump_Loop.uasset" 344
"../../../O_R_CPP/Content/Razor_Character/Razor_Anims/Jump_Anims/RZR_Jump_Start.uasset" 345
"../../../O_R_CPP/Content/Razor_Character/Razor_Anims/Rzr_Idle.uasset" 346
"../../../O_R_CPP/Content/AnimStarterPack/Idle_Rifle_Hip.uasset" 347
"../../../O_R_CPP/Content/AnimStarterPack/Jog_Fwd_Rifle.uasset" 348
"../../../O_R_CPP/Content/Razor_Character/Razor_Anims/Run_Anims/Rzr_Run_Bk.uasset" 349
"../../../O_R_CPP/Content/Razor_Character/Razor_Anims/Run_Anims/Rzr_Run_Left.uasset" 350
"../../../O_R_CPP/Content/Razor_Character/Razor_Anims/Run_Anims/Rzr_Run_Right.uasset" 351
"../../../O_R_CPP/Content/Razor_Character/Razor_Anims/Run_Anims/Rzr_Run_BS.uasset" 352
"../../../O_R_CPP/Content/Razor_Character/Razor_Anims/Rzr_Anim_BP.uasset" 353
"../../../O_R_CPP/Content/Weapons/Launcher/Materials/Launcher_MatB_Inst.uasset" 354
"../../../O_R_CPP/Content/StarterContent/Materials/M_Basic_Wall.uasset" 355
"../../../O_R_CPP/Content/StarterContent/Shapes/Shape_NarrowCapsule.uasset" 356
"../../../O_R_CPP/Content/StarterContent/Textures/T_Burst_M.uasset" 357
"../../../O_R_CPP/Content/StarterContent/Particles/Materials/M_Burst.uasset" 358
"../../../O_R_CPP/Content/StarterContent/Textures/T_Explosion_SubUV.uasset" 359
"../../../O_R_CPP/Content/StarterContent/Particles/Materials/M_explosion_subUV.uasset" 360
"../../../O_R_CPP/Content/StarterContent/Particles/Materials/m_flare_01.uasset" 361
"../../../O_R_CPP/Content/StarterContent/Particles/Materials/M_radial_ramp.uasset" 362
"../../../O_R_CPP/Content/StarterContent/Textures/T_Smoke_SubUV.uasset" 363
"../../../O_R_CPP/Content/StarterContent/Textures/T_Smoke_Tiled_D.uasset" 364
"../../../O_R_CPP/Content/StarterContent/Particles/Materials/M_smoke_subUV.uasset" 365
"../../../O_R_CPP/Content/Weapons/Launcher/Particle_Effects/RL_Explosion.uasset" 366
"../../../O_R_CPP/Content/StarterContent/Textures/T_Fire_SubUV.uasset" 367
"../../../O_R_CPP/Content/StarterContent/Textures/T_Fire_Tiled_D.uasset" 368
"../../../O_R_CPP/Content/StarterContent/Particles/Materials/M_Fire_SubUV.uasset" 369
"../../../O_R_CPP/Content/StarterContent/Textures/T_Water_N.uasset" 370
"../../../O_R_CPP/Content/StarterContent/Particles/Materials/M_Heat_Distortion.uasset" 371
"../../../O_R_CPP/Content/StarterContent/Particles/Materials/M_Radial_Gradient.uasset" 372
"../../../O_R_CPP/Content/Weapons/Launcher/Particle_Effects/RL_Fire.uasset" 373
"../../../O_R_CPP/Content/Weapons/Launcher/Particle_Effects/RL_Steam.uasset" 374
"../../../O_R_CPP/Content/Weapons/Rocket.uasset" 375
"../../../Engine/Content/BasicShapes/BasicShapeMaterial.uasset" 376
"../../../Engine/Content/BasicShapes/Sphere.uasset" 377
"../../../O_R_CPP/Content/Weapons/Weapon_Base.uasset" 378
"../../../Engine/Content/Functions/Engine_MaterialFunctions02/Utility/BlendAngleCorrectedNormals.uasset" 379
"../../../Engine/Content/Functions/MaterialLayerFunctions/MatLayerBlend_BakedNormal.uasset" 380
"../../../Engine/Content/Functions/MaterialLayerFunctions/MatLayerBlend_Emissive.uasset" 381
"../../../Engine/Content/Functions/MaterialLayerFunctions/MatLayerBlend_RoughnessOverride.uasset" 382
"../../../Engine/Content/Functions/MaterialLayerFunctions/MatLayerBlend_Standard.uasset" 383
"../../../Engine/Content/Functions/MaterialLayerFunctions/MatLayerBlend_TintAllChannels.uasset" 384
"../../../O_R_CPP/Content/Weapons/Launcher/Materials/Launcher_MatA.uasset" 385
"../../../Engine/Content/Functions/MaterialLayerFunctions/MatLayerBlend_Decal.uasset" 386
"../../../O_R_CPP/Content/Weapons/Launcher/Materials/Launcher_MatB.uasset" 387
"../../../O_R_CPP/Content/Weapons/Launcher/Meshes/Launcher_Skeleton.uasset" 388
"../../../O_R_CPP/Content/Weapons/Launcher/Meshes/Launcher.uasset" 389
"../../../O_R_CPP/Content/Weapons/Launcher.uasset" 390
"../../../O_R_CPP/Content/StarterContent/Textures/T_Spark_Core.uasset" 391
"../../../O_R_CPP/Content/StarterContent/Particles/Materials/M_Spark.uasset" 392
"../../../O_R_CPP/Content/Weapons/Lightning/Particle_Effects/LG_Sparks.uasset" 393
"../../../O_R_CPP/Content/Weapons/Lightning/Particle_Effects/LG_Sparks_BP.uasset" 394
"../../../O_R_CPP/Content/StarterContent/Particles/P_Explosion.uasset" 395
"../../../O_R_CPP/Content/Weapons/Lightning/Particle_Effects/LG_Fire.uasset" 396
"../../../O_R_CPP/Content/Weapons/Lightning/Weapons/Rifle_Skeleton.uasset" 397
"../../../O_R_CPP/Content/Weapons/Lightning/Weapons/Rifle.uasset" 398
"../../../O_R_CPP/Content/Weapons/Lightning.uasset" 399
"../../../Engine/Content/Functions/MaterialLayerFunctions/MatLayerBlend_AO.uasset" 400
"../../../Engine/Content/Functions/MaterialLayerFunctions/MatLayerBlend_NormalBlend.uasset" 401
"../../../Engine/Content/Functions/MaterialLayerFunctions/MatLayerBlend_Simple.uasset" 402
"../../../O_R_CPP/Content/AnimStarterPack/UE4_Mannequin/Materials/MaterialLayers/T_ML_Rubber_Blue_01_D.uasset" 403
"../../../O_R_CPP/Content/AnimStarterPack/UE4_Mannequin/Materials/MaterialLayers/T_ML_Rubber_Blue_01_N.uasset" 404
"../../../O_R_CPP/Content/AnimStarterPack/UE4_Mannequin/Materials/MaterialLayers/ML_GlossyBlack_Latex_UE4.uasset" 405
"../../../O_R_CPP/Content/AnimStarterPack/UE4_Mannequin/Materials/MaterialLayers/ML_Plastic_Shiny_Beige.uasset" 406
"../../../O_R_CPP/Content/AnimStarterPack/UE4_Mannequin/Textures/UE4_LOGO_CARD.uasset" 407
"../../../O_R_CPP/Content/AnimStarterPack/UE4_Mannequin/Materials/MaterialLayers/ML_Plastic_Shiny_Beige_LOGO.uasset" 408
"../../../O_R_CPP/Content/AnimStarterPack/UE4_Mannequin/Materials/MaterialLayers/T_ML_Aluminum01.uasset" 409
"../../../O_R_CPP/Content/AnimStarterPack/UE4_Mannequin/Materials/MaterialLayers/T_ML_Aluminum01_N.uasset" 410
"../../../O_R_CPP/Content/AnimStarterPack/UE4_Mannequin/Materials/MaterialLayers/ML_SoftMetal_UE4.uasset" 411
"../../../O_R_CPP/Content/AnimStarterPack/UE4_Mannequin/Textures/UE4_Mannequin__normals.uasset" 412
"../../../O_R_CPP/Content/AnimStarterPack/UE4_Mannequin/Textures/UE4_Mannequin_MAT_MASKA.uasset" 413
"../../../O_R_CPP/Content/AnimStarterPack/UE4_Mannequin/Textures/UE4_Mannequin_occlusion_Mobile.uasset" 414
"../../../O_R_CPP/Content/AnimStarterPack/UE4_Mannequin/Materials/M_UE4Man_Body.uasset" 415
"../../../O_R_CPP/Content/AnimStarterPack/UE4_Mannequin/Textures/UE4Man_Logo_N.uasset" 416
"../../../O_R_CPP/Content/AnimStarterPack/UE4_Mannequin/Materials/M_UE4Man_ChestLogo.uasset" 417
"../../../O_R_CPP/Content/AnimStarterPack/UE4_Mannequin/Mesh/SK_Mannequin_PhysicsAsset.uasset" 418
"../../../O_R_CPP/Content/AnimStarterPack/UE4_Mannequin/Mesh/SK_Mannequin.uasset" 419
"../../../O_R_CPP/Content/Weapons/Lightning/Beam/Mat_Beam.uasset" 420
"../../../O_R_CPP/Content/Weapons/Lightning/Beam/P_Beam.uasset" 421
"../../../O_R_CPP/Content/Razor_Character/Razor_BP.uasset" 422
"../../../O_R_CPP/Content/ThirdPersonCPP/Blueprints/GameMode_BP.uasset" 423
"../../../Engine/Plugins/2D/Paper2D/Content/PlaceholderTextures/DummySpriteTexture.uasset" 424
"../../../Engine/Plugins/2D/Paper2D/Content/DummySpriteTexture.uasset" 425
"../../../Engine/Plugins/2D/Paper2D/Content/DummySprite.uasset" 426
"../../../Engine/Plugins/2D/Paper2D/Content/DefaultPaperTerrainMaterial.uasset" 427
"../../../Engine/Plugins/2D/Paper2D/Content/DefaultSpriteMaterial.uasset" 428
"../../../Engine/Plugins/2D/Paper2D/Content/MaskedUnlitSpriteMaterial.uasset" 429
"../../../Engine/Plugins/2D/Paper2D/Content/OpaqueUnlitSpriteMaterial.uasset" 430
"../../../O_R_CPP/Content/StarterContent/Shapes/Shape_Cube.uasset" 431
"../../../O_R_CPP/Content/Weapons/Launcher/Ammo/Rocket_Box.uasset" 432
"../../../O_R_CPP/Content/Geometry/Meshes/CubeMaterial.uasset" 433
"../../../O_R_CPP/Content/Geometry/Meshes/1M_Cube.uasset" 434
"../../../O_R_CPP/Content/Weapons/Lightning/Ammo/Lightening_Box.uasset" 435
"../../../O_R_CPP/Content/ThirdPersonCPP/Maps/ThirdPersonExampleMap_BuiltData.uasset" 436
"../../../O_R_CPP/Content/Geometry/Meshes/1M_Cube_Chamfer.uasset" 437
"../../../O_R_CPP/Content/Geometry/Meshes/TemplateFloor.uasset" 438
"../../../O_R_CPP/Content/StarterContent/Textures/T_Detail_Rocky_N.uasset" 439
"../../../O_R_CPP/Content/StarterContent/Textures/T_Rock_Basalt_D.uasset" 440
"../../../O_R_CPP/Content/StarterContent/Textures/T_RockMesh_M.uasset" 441
"../../../O_R_CPP/Content/StarterContent/Textures/T_RockMesh_N.uasset" 442
"../../../O_R_CPP/Content/StarterContent/Props/Materials/M_Rock.uasset" 443
"../../../O_R_CPP/Content/StarterContent/Props/SM_Rock.uasset" 444
"../../../O_R_CPP/Content/ThirdPerson_Meshes/Meshes/RampMaterial.uasset" 445
"../../../O_R_CPP/Content/ThirdPerson_Meshes/Meshes/Bump_StaticMesh.uasset" 446
"../../../O_R_CPP/Content/ThirdPerson_Meshes/Meshes/LeftArm_StaticMesh.uasset" 447
"../../../O_R_CPP/Content/ThirdPerson_Meshes/Meshes/Linear_Stair_StaticMesh.uasset" 448
"../../../O_R_CPP/Content/ThirdPerson_Meshes/Meshes/Ramp_StaticMesh.uasset" 449
"../../../O_R_CPP/Content/ThirdPerson_Meshes/Meshes/RightArm_StaticMesh.uasset" 450
"../../../O_R_CPP/Content/ThirdPersonCPP/Maps/ThirdPersonExampleMap.umap" 451
"../../../Engine/Content/Maps/Entry.umap" 452
